SF:lib\data\data_sources\remote\post_remote_data_source.g.dart
DA:12,1
DA:17,1
DA:26,1
DA:28,1
DA:29,1
DA:30,1
DA:32,2
DA:37,1
DA:38,2
DA:43,1
DA:44,1
DA:45,3
DA:46,1
DA:48,2
DA:51,1
DA:52,3
DA:53,1
DA:55,0
DA:61,1
DA:62,1
DA:63,2
DA:64,2
DA:65,1
DA:66,0
DA:68,1
DA:74,1
DA:78,2
DA:82,1
DA:84,1
DA:85,1
DA:88,0
LF:31
LH:28
end_of_record
SF:lib\data\data_sources\remote\post_remote_data_source.dart
DA:18,0
DA:19,0
DA:20,0
DA:22,0
DA:26,0
DA:27,0
DA:28,0
DA:29,0
DA:30,0
DA:32,0
LF:10
LH:0
end_of_record
SF:lib\data\models\post\post_model.dart
DA:15,1
DA:16,1
LF:2
LH:2
end_of_record
SF:lib\data\models\post\post_model.g.dart
DA:9,1
DA:10,1
DA:11,2
DA:12,2
DA:13,1
DA:14,1
DA:17,0
DA:18,0
DA:19,0
DA:20,0
DA:21,0
DA:22,0
LF:12
LH:6
end_of_record
SF:lib\core\network\network_info.dart
DA:10,0
DA:12,0
DA:13,0
LF:3
LH:0
end_of_record
SF:lib\presentation\bloc\bloc\post_bloc.dart
DA:13,2
DA:14,2
DA:17,1
DA:18,1
DA:19,2
DA:20,2
DA:21,1
DA:22,2
LF:8
LH:8
end_of_record
SF:lib\repositories\post_repository_impl.dart
DA:14,1
DA:19,1
DA:21,2
DA:23,2
DA:24,1
DA:25,0
LF:6
LH:5
end_of_record
SF:lib\injection.dart
DA:11,6
DA:13,0
DA:16,0
DA:19,0
DA:22,0
DA:23,0
DA:27,0
DA:28,0
DA:32,0
DA:33,0
DA:34,0
DA:35,0
DA:40,0
DA:41,0
LF:14
LH:1
end_of_record
SF:lib\main.dart
DA:8,0
DA:9,0
DA:10,0
DA:11,0
DA:15,6
DA:17,2
DA:19,2
DA:21,2
DA:24,2
DA:25,6
LF:10
LH:6
end_of_record
SF:lib\presentation\pages\post_pages.dart
DA:7,3
DA:9,2
DA:11,2
DA:12,2
DA:15,2
DA:16,2
DA:17,2
DA:18,0
DA:19,0
DA:22,2
DA:23,2
DA:24,3
DA:35,2
DA:37,1
DA:39,1
DA:40,2
DA:41,1
DA:42,2
DA:43,1
DA:44,2
DA:45,2
LF:21
LH:19
end_of_record
SF:lib\presentation\bloc\bloc\post_event.dart
LF:0
LH:0
end_of_record
SF:lib\presentation\bloc\bloc\post_state.dart
LF:0
LH:0
end_of_record
